{"/Users/vanessa/Documents/cse341 Web Services/Week5/cse341-final-project/controllers/gifts.js": {"path":"/Users/vanessa/Documents/cse341 Web Services/Week5/cse341-final-project/controllers/gifts.js","statementMap":{"0":{"start":{"line":1,"column":16},"end":{"line":1,"column":43}},"1":{"start":{"line":2,"column":21},"end":{"line":2,"column":39}},"2":{"start":{"line":4,"column":20},"end":{"line":18,"column":1}},"3":{"start":{"line":5,"column":2},"end":{"line":17,"column":3}},"4":{"start":{"line":7,"column":18},"end":{"line":12,"column":16}},"5":{"start":{"line":13,"column":4},"end":{"line":13,"column":54}},"6":{"start":{"line":14,"column":4},"end":{"line":14,"column":39}},"7":{"start":{"line":16,"column":4},"end":{"line":16,"column":92}},"8":{"start":{"line":20,"column":22},"end":{"line":35,"column":1}},"9":{"start":{"line":21,"column":2},"end":{"line":34,"column":3}},"10":{"start":{"line":23,"column":4},"end":{"line":25,"column":5}},"11":{"start":{"line":24,"column":6},"end":{"line":24,"column":78}},"12":{"start":{"line":26,"column":19},"end":{"line":26,"column":46}},"13":{"start":{"line":27,"column":17},"end":{"line":27,"column":88}},"14":{"start":{"line":28,"column":4},"end":{"line":28,"column":74}},"15":{"start":{"line":28,"column":15},"end":{"line":28,"column":74}},"16":{"start":{"line":30,"column":4},"end":{"line":30,"column":54}},"17":{"start":{"line":31,"column":4},"end":{"line":31,"column":38}},"18":{"start":{"line":33,"column":4},"end":{"line":33,"column":85}},"19":{"start":{"line":37,"column":19},"end":{"line":72,"column":1}},"20":{"start":{"line":38,"column":2},"end":{"line":71,"column":3}},"21":{"start":{"line":40,"column":17},"end":{"line":49,"column":5}},"22":{"start":{"line":51,"column":21},"end":{"line":55,"column":22}},"23":{"start":{"line":57,"column":4},"end":{"line":66,"column":5}},"24":{"start":{"line":58,"column":6},"end":{"line":61,"column":9}},"25":{"start":{"line":63,"column":6},"end":{"line":65,"column":80}},"26":{"start":{"line":68,"column":4},"end":{"line":70,"column":64}},"27":{"start":{"line":74,"column":19},"end":{"line":116,"column":1}},"28":{"start":{"line":75,"column":2},"end":{"line":115,"column":3}},"29":{"start":{"line":77,"column":4},"end":{"line":79,"column":5}},"30":{"start":{"line":78,"column":6},"end":{"line":78,"column":78}},"31":{"start":{"line":81,"column":19},"end":{"line":81,"column":46}},"32":{"start":{"line":83,"column":17},"end":{"line":92,"column":5}},"33":{"start":{"line":94,"column":21},"end":{"line":98,"column":40}},"34":{"start":{"line":100,"column":4},"end":{"line":109,"column":5}},"35":{"start":{"line":101,"column":6},"end":{"line":104,"column":9}},"36":{"start":{"line":106,"column":6},"end":{"line":108,"column":69}},"37":{"start":{"line":111,"column":4},"end":{"line":111,"column":23}},"38":{"start":{"line":112,"column":4},"end":{"line":114,"column":7}},"39":{"start":{"line":118,"column":19},"end":{"line":141,"column":1}},"40":{"start":{"line":119,"column":2},"end":{"line":140,"column":3}},"41":{"start":{"line":121,"column":4},"end":{"line":123,"column":5}},"42":{"start":{"line":122,"column":6},"end":{"line":122,"column":80}},"43":{"start":{"line":125,"column":19},"end":{"line":125,"column":46}},"44":{"start":{"line":126,"column":21},"end":{"line":130,"column":33}},"45":{"start":{"line":132,"column":4},"end":{"line":136,"column":5}},"46":{"start":{"line":133,"column":6},"end":{"line":133,"column":77}},"47":{"start":{"line":135,"column":6},"end":{"line":135,"column":65}},"48":{"start":{"line":139,"column":4},"end":{"line":139,"column":80}},"49":{"start":{"line":143,"column":0},"end":{"line":149,"column":2}}},"fnMap":{"0":{"name":"(anonymous_0)","decl":{"start":{"line":4,"column":20},"end":{"line":4,"column":21}},"loc":{"start":{"line":4,"column":40},"end":{"line":18,"column":1}},"line":4},"1":{"name":"(anonymous_1)","decl":{"start":{"line":20,"column":22},"end":{"line":20,"column":23}},"loc":{"start":{"line":20,"column":42},"end":{"line":35,"column":1}},"line":20},"2":{"name":"(anonymous_2)","decl":{"start":{"line":37,"column":19},"end":{"line":37,"column":20}},"loc":{"start":{"line":37,"column":39},"end":{"line":72,"column":1}},"line":37},"3":{"name":"(anonymous_3)","decl":{"start":{"line":74,"column":19},"end":{"line":74,"column":20}},"loc":{"start":{"line":74,"column":39},"end":{"line":116,"column":1}},"line":74},"4":{"name":"(anonymous_4)","decl":{"start":{"line":118,"column":19},"end":{"line":118,"column":20}},"loc":{"start":{"line":118,"column":39},"end":{"line":141,"column":1}},"line":118}},"branchMap":{"0":{"loc":{"start":{"line":23,"column":4},"end":{"line":25,"column":5}},"type":"if","locations":[{"start":{"line":23,"column":4},"end":{"line":25,"column":5}},{"start":{},"end":{}}],"line":23},"1":{"loc":{"start":{"line":28,"column":4},"end":{"line":28,"column":74}},"type":"if","locations":[{"start":{"line":28,"column":4},"end":{"line":28,"column":74}},{"start":{},"end":{}}],"line":28},"2":{"loc":{"start":{"line":57,"column":4},"end":{"line":66,"column":5}},"type":"if","locations":[{"start":{"line":57,"column":4},"end":{"line":66,"column":5}},{"start":{"line":62,"column":11},"end":{"line":66,"column":5}}],"line":57},"3":{"loc":{"start":{"line":65,"column":14},"end":{"line":65,"column":78}},"type":"binary-expr","locations":[{"start":{"line":65,"column":14},"end":{"line":65,"column":28}},{"start":{"line":65,"column":32},"end":{"line":65,"column":78}}],"line":65},"4":{"loc":{"start":{"line":77,"column":4},"end":{"line":79,"column":5}},"type":"if","locations":[{"start":{"line":77,"column":4},"end":{"line":79,"column":5}},{"start":{},"end":{}}],"line":77},"5":{"loc":{"start":{"line":100,"column":4},"end":{"line":109,"column":5}},"type":"if","locations":[{"start":{"line":100,"column":4},"end":{"line":109,"column":5}},{"start":{"line":105,"column":11},"end":{"line":109,"column":5}}],"line":100},"6":{"loc":{"start":{"line":121,"column":4},"end":{"line":123,"column":5}},"type":"if","locations":[{"start":{"line":121,"column":4},"end":{"line":123,"column":5}},{"start":{},"end":{}}],"line":121},"7":{"loc":{"start":{"line":132,"column":4},"end":{"line":136,"column":5}},"type":"if","locations":[{"start":{"line":132,"column":4},"end":{"line":136,"column":5}},{"start":{"line":134,"column":11},"end":{"line":136,"column":5}}],"line":132}},"s":{"0":1,"1":1,"2":1,"3":1,"4":1,"5":0,"6":0,"7":1,"8":1,"9":3,"10":3,"11":1,"12":2,"13":2,"14":0,"15":0,"16":0,"17":0,"18":2,"19":1,"20":0,"21":0,"22":0,"23":0,"24":0,"25":0,"26":0,"27":1,"28":0,"29":0,"30":0,"31":0,"32":0,"33":0,"34":0,"35":0,"36":0,"37":0,"38":0,"39":1,"40":0,"41":0,"42":0,"43":0,"44":0,"45":0,"46":0,"47":0,"48":0,"49":1},"f":{"0":1,"1":3,"2":0,"3":0,"4":0},"b":{"0":[1,2],"1":[0,0],"2":[0,0],"3":[0,0],"4":[0,0],"5":[0,0],"6":[0,0],"7":[0,0]},"_coverageSchema":"1a1c01bbd47fc00a2c39e90264f33305004495a9","hash":"6e45bb1da08a723713d211fbd8e4a15eeb0784e5"}
,"/Users/vanessa/Documents/cse341 Web Services/Week5/cse341-final-project/data/database.js": {"path":"/Users/vanessa/Documents/cse341 Web Services/Week5/cse341-final-project/data/database.js","statementMap":{"0":{"start":{"line":1,"column":15},"end":{"line":1,"column":32}},"1":{"start":{"line":2,"column":0},"end":{"line":2,"column":16}},"2":{"start":{"line":4,"column":20},"end":{"line":4,"column":50}},"3":{"start":{"line":8,"column":15},"end":{"line":21,"column":1}},"4":{"start":{"line":9,"column":4},"end":{"line":12,"column":5}},"5":{"start":{"line":10,"column":8},"end":{"line":10,"column":56}},"6":{"start":{"line":11,"column":8},"end":{"line":11,"column":40}},"7":{"start":{"line":13,"column":4},"end":{"line":20,"column":11}},"8":{"start":{"line":15,"column":12},"end":{"line":15,"column":30}},"9":{"start":{"line":16,"column":12},"end":{"line":16,"column":37}},"10":{"start":{"line":19,"column":12},"end":{"line":19,"column":26}},"11":{"start":{"line":23,"column":14},"end":{"line":28,"column":1}},"12":{"start":{"line":24,"column":4},"end":{"line":26,"column":5}},"13":{"start":{"line":25,"column":8},"end":{"line":25,"column":48}},"14":{"start":{"line":27,"column":4},"end":{"line":27,"column":20}},"15":{"start":{"line":30,"column":0},"end":{"line":33,"column":2}}},"fnMap":{"0":{"name":"(anonymous_0)","decl":{"start":{"line":8,"column":15},"end":{"line":8,"column":16}},"loc":{"start":{"line":8,"column":29},"end":{"line":21,"column":1}},"line":8},"1":{"name":"(anonymous_1)","decl":{"start":{"line":14,"column":14},"end":{"line":14,"column":15}},"loc":{"start":{"line":14,"column":26},"end":{"line":17,"column":9}},"line":14},"2":{"name":"(anonymous_2)","decl":{"start":{"line":18,"column":15},"end":{"line":18,"column":16}},"loc":{"start":{"line":18,"column":24},"end":{"line":20,"column":9}},"line":18},"3":{"name":"(anonymous_3)","decl":{"start":{"line":23,"column":14},"end":{"line":23,"column":15}},"loc":{"start":{"line":23,"column":20},"end":{"line":28,"column":1}},"line":23}},"branchMap":{"0":{"loc":{"start":{"line":9,"column":4},"end":{"line":12,"column":5}},"type":"if","locations":[{"start":{"line":9,"column":4},"end":{"line":12,"column":5}},{"start":{},"end":{}}],"line":9},"1":{"loc":{"start":{"line":24,"column":4},"end":{"line":26,"column":5}},"type":"if","locations":[{"start":{"line":24,"column":4},"end":{"line":26,"column":5}},{"start":{},"end":{}}],"line":24}},"s":{"0":1,"1":1,"2":1,"3":1,"4":0,"5":0,"6":0,"7":0,"8":0,"9":0,"10":0,"11":1,"12":3,"13":3,"14":0,"15":1},"f":{"0":0,"1":0,"2":0,"3":3},"b":{"0":[0,0],"1":[3,0]},"_coverageSchema":"1a1c01bbd47fc00a2c39e90264f33305004495a9","hash":"ad3041a9fb5d67a35732eeb4c3a131e5e45817ad"}
}
