TN:
SF:controllers/gifts.js
FN:4,(anonymous_0)
FN:20,(anonymous_1)
FN:37,(anonymous_2)
FN:74,(anonymous_3)
FN:118,(anonymous_4)
FNF:5
FNH:2
FNDA:1,(anonymous_0)
FNDA:3,(anonymous_1)
FNDA:0,(anonymous_2)
FNDA:0,(anonymous_3)
FNDA:0,(anonymous_4)
DA:1,1
DA:2,1
DA:4,1
DA:5,1
DA:7,1
DA:13,0
DA:14,0
DA:16,1
DA:20,1
DA:21,3
DA:23,3
DA:24,1
DA:26,2
DA:27,2
DA:28,0
DA:30,0
DA:31,0
DA:33,2
DA:37,1
DA:38,0
DA:40,0
DA:51,0
DA:57,0
DA:58,0
DA:63,0
DA:68,0
DA:74,1
DA:75,0
DA:77,0
DA:78,0
DA:81,0
DA:83,0
DA:94,0
DA:100,0
DA:101,0
DA:106,0
DA:111,0
DA:112,0
DA:118,1
DA:119,0
DA:121,0
DA:122,0
DA:125,0
DA:126,0
DA:132,0
DA:133,0
DA:135,0
DA:139,0
DA:143,1
LF:49
LH:17
BRDA:23,0,0,1
BRDA:23,0,1,2
BRDA:28,1,0,0
BRDA:28,1,1,0
BRDA:57,2,0,0
BRDA:57,2,1,0
BRDA:65,3,0,0
BRDA:65,3,1,0
BRDA:77,4,0,0
BRDA:77,4,1,0
BRDA:100,5,0,0
BRDA:100,5,1,0
BRDA:121,6,0,0
BRDA:121,6,1,0
BRDA:132,7,0,0
BRDA:132,7,1,0
BRF:16
BRH:2
end_of_record
TN:
SF:data/database.js
FN:8,(anonymous_0)
FN:14,(anonymous_1)
FN:18,(anonymous_2)
FN:23,(anonymous_3)
FNF:4
FNH:1
FNDA:0,(anonymous_0)
FNDA:0,(anonymous_1)
FNDA:0,(anonymous_2)
FNDA:3,(anonymous_3)
DA:1,1
DA:2,1
DA:4,1
DA:8,1
DA:9,0
DA:10,0
DA:11,0
DA:13,0
DA:15,0
DA:16,0
DA:19,0
DA:23,1
DA:24,3
DA:25,3
DA:27,0
DA:30,1
LF:16
LH:8
BRDA:9,0,0,0
BRDA:9,0,1,0
BRDA:24,1,0,3
BRDA:24,1,1,0
BRF:4
BRH:1
end_of_record
